[1130/205149.941:ERROR:directory_reader_win.cc(43)] FindFirstFile: Le chemin d’accès spécifié est introuvable. (0x3)
[1130/224959.430:WARNING:process_reader_win.cc(156)] Thread 42884 should be suspended, but previous_suspend_count is 0
[1130/224959.439:ERROR:process_info.cc(626)] range at 0xa0907fe000, size 0x2000 partially unreadable
[1130/224959.439:ERROR:process_info.cc(617)] range at 0xa0886ec000, size 0x1788 fully unreadable
[1130/224959.446:ERROR:process_info.cc(359)] UncheckedAllocate
[1130/224959.446:ERROR:process_info.cc(359)] UncheckedAllocate
[1130/224959.447:ERROR:process_info.cc(359)] UncheckedAllocate
[1130/225000.169:ERROR:process_info.cc(375)] NtQuerySystemInformation SystemExtendedHandleInformation: La longueur d’enregistrement d’informations spécifiée ne correspond pas à la longueur nécessaire pour la classe d’informations spécifiée. (0xc0000004)
[1130/225000.176:ERROR:process_memory_win.cc(73)] ReadMemory at 0x7ff6b95f0000 of 64 bytes failed: Seule une partie d’une requête ReadProcessMemory ou WriteProcessMemory a été effectuée. (0x12B)
[1130/225000.177:WARNING:pe_image_reader.cc(340)] could not read dos header from C:\Program Files (x86)\Google\Chrome\Application\chrome.exe
[1130/225000.177:ERROR:process_memory_win.cc(73)] ReadMemory at 0x7ffe90a60000 of 64 bytes failed: Seule une partie d’une requête ReadProcessMemory ou WriteProcessMemory a été effectuée. (0x12B)
[1130/225000.177:WARNING:pe_image_reader.cc(340)] could not read dos header from C:\WINDOWS\SYSTEM32\ntdll.dll
[1130/225000.177:ERROR:process_memory_win.cc(73)] ReadMemory at 0x7ffe8fc30000 of 64 bytes failed: Seule une partie d’une requête ReadProcessMemory ou WriteProcessMemory a été effectuée. (0x12B)
[1130/225000.177:WARNING:pe_image_reader.cc(340)] could not read dos header from C:\WINDOWS\System32\KERNEL32.DLL
[1130/225000.177:ERROR:process_memory_win.cc(73)] ReadMemory at 0x7ffe8e550000 of 64 bytes failed: Seule une partie d’une requête ReadProcessMemory ou WriteProcessMemory a été effectuée. (0x12B)
[1130/225000.177:WARNING:pe_image_reader.cc(340)] could not read dos header from C:\WINDOWS\System32\KERNELBASE.dll
[1130/225000.177:ERROR:process_memory_win.cc(73)] ReadMemory at 0x7ffe46700000 of 64 bytes failed: Seule une partie d’une requête ReadProcessMemory ou WriteProcessMemory a été effectuée. (0x12B)
[1130/225000.177:WARNING:pe_image_reader.cc(340)] could not read dos header from C:\Program Files (x86)\Google\Chrome\Application\87.0.4280.66\chrome_elf.dll
[1130/225000.177:ERROR:process_memory_win.cc(73)] ReadMemory at 0x7ffe85df0000 of 64 bytes failed: Seule une partie d’une requête ReadProcessMemory ou WriteProcessMemory a été effectuée. (0x12B)
[1130/225000.177:WARNING:pe_image_reader.cc(340)] could not read dos header from C:\WINDOWS\SYSTEM32\VERSION.dll
[1130/225000.177:ERROR:process_memory_win.cc(73)] ReadMemory at 0x7ffe8ed20000 of 64 bytes failed: Seule une partie d’une requête ReadProcessMemory ou WriteProcessMemory a été effectuée. (0x12B)
[1130/225000.177:WARNING:pe_image_reader.cc(340)] could not read dos header from C:\WINDOWS\System32\msvcrt.dll
[1130/225000.177:ERROR:process_memory_win.cc(73)] ReadMemory at 0x7ffe8ea90000 of 64 bytes failed: Seule une partie d’une requête ReadProcessMemory ou WriteProcessMemory a été effectuée. (0x12B)
[1130/225000.177:WARNING:pe_image_reader.cc(340)] could not read dos header from C:\WINDOWS\System32\bcryptPrimitives.dll
[1130/225000.177:ERROR:process_memory_win.cc(73)] ReadMemory at 0x7ffe90970000 of 64 bytes failed: Seule une partie d’une requête ReadProcessMemory ou WriteProcessMemory a été effectuée. (0x12B)
[1130/225000.177:WARNING:pe_image_reader.cc(340)] could not read dos header from C:\WINDOWS\System32\ADVAPI32.dll
[1130/225000.177:ERROR:process_memory_win.cc(73)] ReadMemory at 0x7ffe8edc0000 of 64 bytes failed: Seule une partie d’une requête ReadProcessMemory ou WriteProcessMemory a été effectuée. (0x12B)
[1130/225000.177:WARNING:pe_image_reader.cc(340)] could not read dos header from C:\WINDOWS\System32\sechost.dll
[1130/225000.177:ERROR:process_memory_win.cc(73)] ReadMemory at 0x7ffe90210000 of 64 bytes failed: Seule une partie d’une requête ReadProcessMemory ou WriteProcessMemory a été effectuée. (0x12B)
[1130/225000.177:WARNING:pe_image_reader.cc(340)] could not read dos header from C:\WINDOWS\System32\RPCRT4.dll
[1130/225000.177:ERROR:process_memory_win.cc(73)] ReadMemory at 0x7ffde8160000 of 64 bytes failed: Seule une partie d’une requête ReadProcessMemory ou WriteProcessMemory a été effectuée. (0x12B)
[1130/225000.177:WARNING:pe_image_reader.cc(340)] could not read dos header from C:\Program Files (x86)\Google\Chrome\Application\87.0.4280.66\chrome.dll
[1130/225000.177:ERROR:process_memory_win.cc(73)] ReadMemory at 0x7ffe8fdb0000 of 64 bytes failed: Seule une partie d’une requête ReadProcessMemory ou WriteProcessMemory a été effectuée. (0x12B)
[1130/225000.177:WARNING:pe_image_reader.cc(340)] could not read dos header from C:\WINDOWS\System32\WS2_32.dll
[1130/225000.177:ERROR:process_memory_win.cc(73)] ReadMemory at 0x7ffe90390000 of 64 bytes failed: Seule une partie d’une requête ReadProcessMemory ou WriteProcessMemory a été effectuée. (0x12B)
[1130/225000.177:WARNING:pe_image_reader.cc(340)] could not read dos header from C:\WINDOWS\System32\OLEAUT32.dll
[1130/225000.178:ERROR:process_memory_win.cc(73)] ReadMemory at 0x7ffe8e9a0000 of 64 bytes failed: Seule une partie d’une requête ReadProcessMemory ou WriteProcessMemory a été effectuée. (0x12B)
[1130/225000.178:WARNING:pe_image_reader.cc(340)] could not read dos header from C:\WINDOWS\System32\msvcp_win.dll
[1130/225000.178:ERROR:process_memory_win.cc(73)] ReadMemory at 0x7ffe8d9e0000 of 64 bytes failed: Seule une partie d’une requête ReadProcessMemory ou WriteProcessMemory a été effectuée. (0x12B)
[1130/225000.178:WARNING:pe_image_reader.cc(340)] could not read dos header from C:\WINDOWS\System32\ucrtbase.dll
[1130/225000.178:ERROR:process_memory_win.cc(73)] ReadMemory at 0x7ffe905c0000 of 64 bytes failed: Seule une partie d’une requête ReadProcessMemory ou WriteProcessMemory a été effectuée. (0x12B)
[1130/225000.178:WARNING:pe_image_reader.cc(340)] could not read dos header from C:\WINDOWS\System32\combase.dll
[1130/225000.178:ERROR:process_memory_win.cc(73)] ReadMemory at 0x7ffe8e440000 of 64 bytes failed: Seule une partie d’une requête ReadProcessMemory ou WriteProcessMemory a été effectuée. (0x12B)
[1130/225000.178:WARNING:pe_image_reader.cc(340)] could not read dos header from C:\WINDOWS\System32\WINTRUST.dll
[1130/225000.178:ERROR:process_memory_win.cc(73)] ReadMemory at 0x7ffe8d970000 of 64 bytes failed: Seule une partie d’une requête ReadProcessMemory ou WriteProcessMemory a été effectuée. (0x12B)
[1130/225000.178:WARNING:pe_image_reader.cc(340)] could not read dos header from C:\WINDOWS\System32\MSASN1.dll
[1130/225000.178:ERROR:process_memory_win.cc(73)] ReadMemory at 0x7ffe8e800000 of 64 bytes failed: Seule une partie d’une requête ReadProcessMemory ou WriteProcessMemory a été effectuée. (0x12B)
[1130/225000.178:WARNING:pe_image_reader.cc(340)] could not read dos header from C:\WINDOWS\System32\CRYPT32.dll
[1130/225000.178:ERROR:process_memory_win.cc(73)] ReadMemory at 0x7ffe8bd40000 of 64 bytes failed: Seule une partie d’une requête ReadProcessMemory ou WriteProcessMemory a été effectuée. (0x12B)
[1130/225000.178:WARNING:pe_image_reader.cc(340)] could not read dos header from C:\WINDOWS\SYSTEM32\dbghelp.dll
[1130/225000.178:ERROR:process_memory_win.cc(73)] ReadMemory at 0x7ffe8ce70000 of 64 bytes failed: Seule une partie d’une requête ReadProcessMemory ou WriteProcessMemory a été effectuée. (0x12B)
[1130/225000.178:WARNING:pe_image_reader.cc(340)] could not read dos header from C:\WINDOWS\SYSTEM32\IPHLPAPI.DLL
[1130/225000.178:ERROR:process_memory_win.cc(73)] ReadMemory at 0x7ffe8bf70000 of 64 bytes failed: Seule une partie d’une requête ReadProcessMemory ou WriteProcessMemory a été effectuée. (0x12B)
[1130/225000.178:WARNING:pe_image_reader.cc(340)] could not read dos header from C:\WINDOWS\SYSTEM32\WINMM.dll
[1130/225000.178:ERROR:process_memory_win.cc(73)] ReadMemory at 0x7ffe5aef0000 of 64 bytes failed: Seule une partie d’une requête ReadProcessMemory ou WriteProcessMemory a été effectuée. (0x12B)
[1130/225000.178:WARNING:pe_image_reader.cc(340)] could not read dos header from C:\WINDOWS\SYSTEM32\UIAutomationCore.DLL
[1130/225000.178:ERROR:process_memory_win.cc(73)] ReadMemory at 0x7ffe74b70000 of 64 bytes failed: Seule une partie d’une requête ReadProcessMemory ou WriteProcessMemory a été effectuée. (0x12B)
[1130/225000.178:WARNING:pe_image_reader.cc(340)] could not read dos header from C:\WINDOWS\SYSTEM32\Secur32.dll
[1130/225000.178:ERROR:process_memory_win.cc(73)] ReadMemory at 0x7ffe8d830000 of 64 bytes failed: Seule une partie d’une requête ReadProcessMemory ou WriteProcessMemory a été effectuée. (0x12B)
[1130/225000.178:WARNING:pe_image_reader.cc(340)] could not read dos header from C:\WINDOWS\SYSTEM32\USERENV.dll
[1130/225000.178:ERROR:process_memory_win.cc(73)] ReadMemory at 0x7ffe8d990000 of 64 bytes failed: Seule une partie d’une requête ReadProcessMemory ou WriteProcessMemory a été effectuée. (0x12B)
[1130/225000.178:WARNING:pe_image_reader.cc(340)] could not read dos header from C:\WINDOWS\System32\profapi.dll
[1130/225000.178:ERROR:process_memory_win.cc(73)] ReadMemory at 0x7ffe633d0000 of 64 bytes failed: Seule une partie d’une requête ReadProcessMemory ou WriteProcessMemory a été effectuée. (0x12B)
[1130/225000.178:WARNING:pe_image_reader.cc(340)] could not read dos header from C:\WINDOWS\SYSTEM32\DWrite.dll
[1130/225000.178:ERROR:process_memory_win.cc(73)] ReadMemory at 0x7ffe6d480000 of 64 bytes failed: Seule une partie d’une requête ReadProcessMemory ou WriteProcessMemory a été effectuée. (0x12B)
[1130/225000.178:WARNING:pe_image_reader.cc(340)] could not read dos header from C:\WINDOWS\SYSTEM32\WINSPOOL.DRV
[1130/225000.178:ERROR:process_memory_win.cc(73)] ReadMemory at 0x7ffe8d9c0000 of 64 bytes failed: Seule une partie d’une requête ReadProcessMemory ou WriteProcessMemory a été effectuée. (0x12B)
[1130/225000.178:WARNING:pe_image_reader.cc(340)] could not read dos header from C:\WINDOWS\System32\kernel.appcore.dll
[1130/225000.178:ERROR:process_memory_win.cc(73)] ReadMemory at 0x7ffe8ea40000 of 64 bytes failed: Seule une partie d’une requête ReadProcessMemory ou WriteProcessMemory a été effectuée. (0x12B)
[1130/225000.178:WARNING:pe_image_reader.cc(340)] could not read dos header from C:\WINDOWS\System32\bcrypt.dll
[1130/225000.179:ERROR:process_memory_win.cc(73)] ReadMemory at 0x7ffe8b350000 of 64 bytes failed: Seule une partie d’une requête ReadProcessMemory ou WriteProcessMemory a été effectuée. (0x12B)
[1130/225000.179:WARNING:pe_image_reader.cc(340)] could not read dos header from C:\WINDOWS\SYSTEM32\WINHTTP.dll
[1130/225000.179:ERROR:process_memory_win.cc(73)] ReadMemory at 0x7ffe82fa0000 of 64 bytes failed: Seule une partie d’une requête ReadProcessMemory ou WriteProcessMemory a été effectuée. (0x12B)
[1130/225000.179:WARNING:pe_image_reader.cc(340)] could not read dos header from C:\WINDOWS\SYSTEM32\dhcpcsvc.DLL
[1130/225000.179:ERROR:process_memory_win.cc(73)] ReadMemory at 0x7ffe8eb40000 of 64 bytes failed: Seule une partie d’une requête ReadProcessMemory ou WriteProcessMemory a été effectuée. (0x12B)
[1130/225000.179:WARNING:pe_image_reader.cc(340)] could not read dos header from C:\WINDOWS\System32\NSI.dll
[1130/225000.179:ERROR:process_memory_win.cc(73)] ReadMemory at 0x7ffe8bf40000 of 64 bytes failed: Seule une partie d’une requête ReadProcessMemory ou WriteProcessMemory a été effectuée. (0x12B)
[1130/225000.179:WARNING:pe_image_reader.cc(340)] could not read dos header from C:\WINDOWS\SYSTEM32\WINMMBASE.dll
[1130/225000.179:ERROR:process_memory_win.cc(73)] ReadMemory at 0x7ffe8e950000 of 64 bytes failed: Seule une partie d’une requête ReadProcessMemory ou WriteProcessMemory a été effectuée. (0x12B)
[1130/225000.179:WARNING:pe_image_reader.cc(340)] could not read dos header from C:\WINDOWS\System32\cfgmgr32.dll
[1130/225000.179:ERROR:process_memory_win.cc(73)] ReadMemory at 0x7ffe89690000 of 64 bytes failed: Seule une partie d’une requête ReadProcessMemory ou WriteProcessMemory a été effectuée. (0x12B)
[1130/225000.179:WARNING:pe_image_reader.cc(340)] could not read dos header from C:\WINDOWS\SYSTEM32\PROPSYS.dll
[1130/225000.179:ERROR:process_memory_win.cc(73)] ReadMemory at 0x7ffe8f390000 of 64 bytes failed: Seule une partie d’une requête ReadProcessMemory ou WriteProcessMemory a été effectuée. (0x12B)
[1130/225000.179:WARNING:pe_image_reader.cc(340)] could not read dos header from C:\WINDOWS\System32\shcore.dll
[1130/225000.179:ERROR:process_memory_win.cc(73)] ReadMemory at 0x7ffe8d7f0000 of 64 bytes failed: Seule une partie d’une requête ReadProcessMemory ou WriteProcessMemory a été effectuée. (0x12B)
[1130/225000.179:WARNING:pe_image_reader.cc(340)] could not read dos header from C:\WINDOWS\SYSTEM32\SSPICLI.DLL
[1130/225000.179:ERROR:process_memory_win.cc(73)] ReadMemory at 0x7ffe8d330000 of 64 bytes failed: Seule une partie d’une requête ReadProcessMemory ou WriteProcessMemory a été effectuée. (0x12B)
[1130/225000.179:WARNING:pe_image_reader.cc(340)] could not read dos header from C:\WINDOWS\SYSTEM32\CRYPTBASE.DLL
[1130/225000.190:ERROR:process_memory_win.cc(73)] ReadMemory at 0x7ff6b95f0000 of 64 bytes failed: Seule une partie d’une requête ReadProcessMemory ou WriteProcessMemory a été effectuée. (0x12B)
[1130/225000.190:WARNING:pe_image_reader.cc(340)] could not read dos header from C:\Program Files (x86)\Google\Chrome\Application\chrome.exe
[1130/225000.190:ERROR:process_memory_win.cc(73)] ReadMemory at 0x7ffe90a60000 of 64 bytes failed: Seule une partie d’une requête ReadProcessMemory ou WriteProcessMemory a été effectuée. (0x12B)
[1130/225000.190:WARNING:pe_image_reader.cc(340)] could not read dos header from C:\WINDOWS\SYSTEM32\ntdll.dll
[1130/225000.190:ERROR:process_memory_win.cc(73)] ReadMemory at 0x7ffe8fc30000 of 64 bytes failed: Seule une partie d’une requête ReadProcessMemory ou WriteProcessMemory a été effectuée. (0x12B)
[1130/225000.190:WARNING:pe_image_reader.cc(340)] could not read dos header from C:\WINDOWS\System32\KERNEL32.DLL
[1130/225000.190:ERROR:process_memory_win.cc(73)] ReadMemory at 0x7ffe8e550000 of 64 bytes failed: Seule une partie d’une requête ReadProcessMemory ou WriteProcessMemory a été effectuée. (0x12B)
[1130/225000.190:WARNING:pe_image_reader.cc(340)] could not read dos header from C:\WINDOWS\System32\KERNELBASE.dll
[1130/225000.190:ERROR:process_memory_win.cc(73)] ReadMemory at 0x7ffe46700000 of 64 bytes failed: Seule une partie d’une requête ReadProcessMemory ou WriteProcessMemory a été effectuée. (0x12B)
[1130/225000.190:WARNING:pe_image_reader.cc(340)] could not read dos header from C:\Program Files (x86)\Google\Chrome\Application\87.0.4280.66\chrome_elf.dll
[1130/225000.190:ERROR:process_memory_win.cc(73)] ReadMemory at 0x7ffe85df0000 of 64 bytes failed: Seule une partie d’une requête ReadProcessMemory ou WriteProcessMemory a été effectuée. (0x12B)
[1130/225000.190:WARNING:pe_image_reader.cc(340)] could not read dos header from C:\WINDOWS\SYSTEM32\VERSION.dll
[1130/225000.190:ERROR:process_memory_win.cc(73)] ReadMemory at 0x7ffe8ed20000 of 64 bytes failed: Seule une partie d’une requête ReadProcessMemory ou WriteProcessMemory a été effectuée. (0x12B)
[1130/225000.190:WARNING:pe_image_reader.cc(340)] could not read dos header from C:\WINDOWS\System32\msvcrt.dll
[1130/225000.190:ERROR:process_memory_win.cc(73)] ReadMemory at 0x7ffe8ea90000 of 64 bytes failed: Seule une partie d’une requête ReadProcessMemory ou WriteProcessMemory a été effectuée. (0x12B)
[1130/225000.190:WARNING:pe_image_reader.cc(340)] could not read dos header from C:\WINDOWS\System32\bcryptPrimitives.dll
[1130/225000.191:ERROR:process_memory_win.cc(73)] ReadMemory at 0x7ffe90970000 of 64 bytes failed: Seule une partie d’une requête ReadProcessMemory ou WriteProcessMemory a été effectuée. (0x12B)
[1130/225000.191:WARNING:pe_image_reader.cc(340)] could not read dos header from C:\WINDOWS\System32\ADVAPI32.dll
[1130/225000.191:ERROR:process_memory_win.cc(73)] ReadMemory at 0x7ffe8edc0000 of 64 bytes failed: Seule une partie d’une requête ReadProcessMemory ou WriteProcessMemory a été effectuée. (0x12B)
[1130/225000.191:WARNING:pe_image_reader.cc(340)] could not read dos header from C:\WINDOWS\System32\sechost.dll
[1130/225000.191:ERROR:process_memory_win.cc(73)] ReadMemory at 0x7ffe90210000 of 64 bytes failed: Seule une partie d’une requête ReadProcessMemory ou WriteProcessMemory a été effectuée. (0x12B)
[1130/225000.191:WARNING:pe_image_reader.cc(340)] could not read dos header from C:\WINDOWS\System32\RPCRT4.dll
[1130/225000.191:ERROR:process_memory_win.cc(73)] ReadMemory at 0x7ffde8160000 of 64 bytes failed: Seule une partie d’une requête ReadProcessMemory ou WriteProcessMemory a été effectuée. (0x12B)
[1130/225000.191:WARNING:pe_image_reader.cc(340)] could not read dos header from C:\Program Files (x86)\Google\Chrome\Application\87.0.4280.66\chrome.dll
[1130/225000.191:ERROR:process_memory_win.cc(73)] ReadMemory at 0x7ffe8fdb0000 of 64 bytes failed: Seule une partie d’une requête ReadProcessMemory ou WriteProcessMemory a été effectuée. (0x12B)
[1130/225000.191:WARNING:pe_image_reader.cc(340)] could not read dos header from C:\WINDOWS\System32\WS2_32.dll
[1130/225000.191:ERROR:process_memory_win.cc(73)] ReadMemory at 0x7ffe90390000 of 64 bytes failed: Seule une partie d’une requête ReadProcessMemory ou WriteProcessMemory a été effectuée. (0x12B)
[1130/225000.191:WARNING:pe_image_reader.cc(340)] could not read dos header from C:\WINDOWS\System32\OLEAUT32.dll
[1130/225000.191:ERROR:process_memory_win.cc(73)] ReadMemory at 0x7ffe8e9a0000 of 64 bytes failed: Seule une partie d’une requête ReadProcessMemory ou WriteProcessMemory a été effectuée. (0x12B)
[1130/225000.191:WARNING:pe_image_reader.cc(340)] could not read dos header from C:\WINDOWS\System32\msvcp_win.dll
[1130/225000.191:ERROR:process_memory_win.cc(73)] ReadMemory at 0x7ffe8d9e0000 of 64 bytes failed: Seule une partie d’une requête ReadProcessMemory ou WriteProcessMemory a été effectuée. (0x12B)
[1130/225000.191:WARNING:pe_image_reader.cc(340)] could not read dos header from C:\WINDOWS\System32\ucrtbase.dll
[1130/225000.191:ERROR:process_memory_win.cc(73)] ReadMemory at 0x7ffe905c0000 of 64 bytes failed: Seule une partie d’une requête ReadProcessMemory ou WriteProcessMemory a été effectuée. (0x12B)
[1130/225000.191:WARNING:pe_image_reader.cc(340)] could not read dos header from C:\WINDOWS\System32\combase.dll
[1130/225000.191:ERROR:process_memory_win.cc(73)] ReadMemory at 0x7ffe8e440000 of 64 bytes failed: Seule une partie d’une requête ReadProcessMemory ou WriteProcessMemory a été effectuée. (0x12B)
[1130/225000.191:WARNING:pe_image_reader.cc(340)] could not read dos header from C:\WINDOWS\System32\WINTRUST.dll
[1130/225000.191:ERROR:process_memory_win.cc(73)] ReadMemory at 0x7ffe8d970000 of 64 bytes failed: Seule une partie d’une requête ReadProcessMemory ou WriteProcessMemory a été effectuée. (0x12B)
[1130/225000.191:WARNING:pe_image_reader.cc(340)] could not read dos header from C:\WINDOWS\System32\MSASN1.dll
[1130/225000.191:ERROR:process_memory_win.cc(73)] ReadMemory at 0x7ffe8e800000 of 64 bytes failed: Seule une partie d’une requête ReadProcessMemory ou WriteProcessMemory a été effectuée. (0x12B)
[1130/225000.191:WARNING:pe_image_reader.cc(340)] could not read dos header from C:\WINDOWS\System32\CRYPT32.dll
[1130/225000.191:ERROR:process_memory_win.cc(73)] ReadMemory at 0x7ffe8bd40000 of 64 bytes failed: Seule une partie d’une requête ReadProcessMemory ou WriteProcessMemory a été effectuée. (0x12B)
[1130/225000.191:WARNING:pe_image_reader.cc(340)] could not read dos header from C:\WINDOWS\SYSTEM32\dbghelp.dll
[1130/225000.191:ERROR:process_memory_win.cc(73)] ReadMemory at 0x7ffe8ce70000 of 64 bytes failed: Seule une partie d’une requête ReadProcessMemory ou WriteProcessMemory a été effectuée. (0x12B)
[1130/225000.191:WARNING:pe_image_reader.cc(340)] could not read dos header from C:\WINDOWS\SYSTEM32\IPHLPAPI.DLL
[1130/225000.191:ERROR:process_memory_win.cc(73)] ReadMemory at 0x7ffe8bf70000 of 64 bytes failed: Seule une partie d’une requête ReadProcessMemory ou WriteProcessMemory a été effectuée. (0x12B)
[1130/225000.191:WARNING:pe_image_reader.cc(340)] could not read dos header from C:\WINDOWS\SYSTEM32\WINMM.dll
[1130/225000.191:ERROR:process_memory_win.cc(73)] ReadMemory at 0x7ffe5aef0000 of 64 bytes failed: Seule une partie d’une requête ReadProcessMemory ou WriteProcessMemory a été effectuée. (0x12B)
[1130/225000.191:WARNING:pe_image_reader.cc(340)] could not read dos header from C:\WINDOWS\SYSTEM32\UIAutomationCore.DLL
[1130/225000.192:ERROR:process_memory_win.cc(73)] ReadMemory at 0x7ffe74b70000 of 64 bytes failed: Seule une partie d’une requête ReadProcessMemory ou WriteProcessMemory a été effectuée. (0x12B)
[1130/225000.192:WARNING:pe_image_reader.cc(340)] could not read dos header from C:\WINDOWS\SYSTEM32\Secur32.dll
[1130/225000.192:ERROR:process_memory_win.cc(73)] ReadMemory at 0x7ffe8d830000 of 64 bytes failed: Seule une partie d’une requête ReadProcessMemory ou WriteProcessMemory a été effectuée. (0x12B)
[1130/225000.192:WARNING:pe_image_reader.cc(340)] could not read dos header from C:\WINDOWS\SYSTEM32\USERENV.dll
[1130/225000.192:ERROR:process_memory_win.cc(73)] ReadMemory at 0x7ffe8d990000 of 64 bytes failed: Seule une partie d’une requête ReadProcessMemory ou WriteProcessMemory a été effectuée. (0x12B)
[1130/225000.192:WARNING:pe_image_reader.cc(340)] could not read dos header from C:\WINDOWS\System32\profapi.dll
[1130/225000.192:ERROR:process_memory_win.cc(73)] ReadMemory at 0x7ffe633d0000 of 64 bytes failed: Seule une partie d’une requête ReadProcessMemory ou WriteProcessMemory a été effectuée. (0x12B)
[1130/225000.192:WARNING:pe_image_reader.cc(340)] could not read dos header from C:\WINDOWS\SYSTEM32\DWrite.dll
[1130/225000.192:ERROR:process_memory_win.cc(73)] ReadMemory at 0x7ffe6d480000 of 64 bytes failed: Seule une partie d’une requête ReadProcessMemory ou WriteProcessMemory a été effectuée. (0x12B)
[1130/225000.192:WARNING:pe_image_reader.cc(340)] could not read dos header from C:\WINDOWS\SYSTEM32\WINSPOOL.DRV
[1130/225000.192:ERROR:process_memory_win.cc(73)] ReadMemory at 0x7ffe8d9c0000 of 64 bytes failed: Seule une partie d’une requête ReadProcessMemory ou WriteProcessMemory a été effectuée. (0x12B)
[1130/225000.192:WARNING:pe_image_reader.cc(340)] could not read dos header from C:\WINDOWS\System32\kernel.appcore.dll
[1130/225000.192:ERROR:process_memory_win.cc(73)] ReadMemory at 0x7ffe8ea40000 of 64 bytes failed: Seule une partie d’une requête ReadProcessMemory ou WriteProcessMemory a été effectuée. (0x12B)
[1130/225000.192:WARNING:pe_image_reader.cc(340)] could not read dos header from C:\WINDOWS\System32\bcrypt.dll
[1130/225000.192:ERROR:process_memory_win.cc(73)] ReadMemory at 0x7ffe8b350000 of 64 bytes failed: Seule une partie d’une requête ReadProcessMemory ou WriteProcessMemory a été effectuée. (0x12B)
[1130/225000.192:WARNING:pe_image_reader.cc(340)] could not read dos header from C:\WINDOWS\SYSTEM32\WINHTTP.dll
[1130/225000.192:ERROR:process_memory_win.cc(73)] ReadMemory at 0x7ffe82fa0000 of 64 bytes failed: Seule une partie d’une requête ReadProcessMemory ou WriteProcessMemory a été effectuée. (0x12B)
[1130/225000.192:WARNING:pe_image_reader.cc(340)] could not read dos header from C:\WINDOWS\SYSTEM32\dhcpcsvc.DLL
[1130/225000.192:ERROR:process_memory_win.cc(73)] ReadMemory at 0x7ffe8eb40000 of 64 bytes failed: Seule une partie d’une requête ReadProcessMemory ou WriteProcessMemory a été effectuée. (0x12B)
[1130/225000.192:WARNING:pe_image_reader.cc(340)] could not read dos header from C:\WINDOWS\System32\NSI.dll
[1130/225000.192:ERROR:process_memory_win.cc(73)] ReadMemory at 0x7ffe8bf40000 of 64 bytes failed: Seule une partie d’une requête ReadProcessMemory ou WriteProcessMemory a été effectuée. (0x12B)
[1130/225000.192:WARNING:pe_image_reader.cc(340)] could not read dos header from C:\WINDOWS\SYSTEM32\WINMMBASE.dll
[1130/225000.192:ERROR:process_memory_win.cc(73)] ReadMemory at 0x7ffe8e950000 of 64 bytes failed: Seule une partie d’une requête ReadProcessMemory ou WriteProcessMemory a été effectuée. (0x12B)
[1130/225000.192:WARNING:pe_image_reader.cc(340)] could not read dos header from C:\WINDOWS\System32\cfgmgr32.dll
[1130/225000.192:ERROR:process_memory_win.cc(73)] ReadMemory at 0x7ffe89690000 of 64 bytes failed: Seule une partie d’une requête ReadProcessMemory ou WriteProcessMemory a été effectuée. (0x12B)
[1130/225000.192:WARNING:pe_image_reader.cc(340)] could not read dos header from C:\WINDOWS\SYSTEM32\PROPSYS.dll
[1130/225000.192:ERROR:process_memory_win.cc(73)] ReadMemory at 0x7ffe8f390000 of 64 bytes failed: Seule une partie d’une requête ReadProcessMemory ou WriteProcessMemory a été effectuée. (0x12B)
[1130/225000.192:WARNING:pe_image_reader.cc(340)] could not read dos header from C:\WINDOWS\System32\shcore.dll
[1130/225000.192:ERROR:process_memory_win.cc(73)] ReadMemory at 0x7ffe8d7f0000 of 64 bytes failed: Seule une partie d’une requête ReadProcessMemory ou WriteProcessMemory a été effectuée. (0x12B)
[1130/225000.192:WARNING:pe_image_reader.cc(340)] could not read dos header from C:\WINDOWS\SYSTEM32\SSPICLI.DLL
[1130/225000.192:ERROR:process_memory_win.cc(73)] ReadMemory at 0x7ffe8d330000 of 64 bytes failed: Seule une partie d’une requête ReadProcessMemory ou WriteProcessMemory a été effectuée. (0x12B)
[1130/225000.192:WARNING:pe_image_reader.cc(340)] could not read dos header from C:\WINDOWS\SYSTEM32\CRYPTBASE.DLL
[1130/225000.192:ERROR:process_memory_win.cc(73)] ReadMemory at 0x7ff6b95f0000 of 64 bytes failed: Seule une partie d’une requête ReadProcessMemory ou WriteProcessMemory a été effectuée. (0x12B)
[1130/225000.192:WARNING:pe_image_reader.cc(340)] could not read dos header from C:\Program Files (x86)\Google\Chrome\Application\chrome.exe
[1130/225000.193:ERROR:process_memory_win.cc(73)] ReadMemory at 0x7ffe90a60000 of 64 bytes failed: Seule une partie d’une requête ReadProcessMemory ou WriteProcessMemory a été effectuée. (0x12B)
[1130/225000.193:WARNING:pe_image_reader.cc(340)] could not read dos header from C:\WINDOWS\SYSTEM32\ntdll.dll
[1130/225000.193:ERROR:process_memory_win.cc(73)] ReadMemory at 0x7ffe8fc30000 of 64 bytes failed: Seule une partie d’une requête ReadProcessMemory ou WriteProcessMemory a été effectuée. (0x12B)
[1130/225000.193:WARNING:pe_image_reader.cc(340)] could not read dos header from C:\WINDOWS\System32\KERNEL32.DLL
[1130/225000.193:ERROR:process_memory_win.cc(73)] ReadMemory at 0x7ffe8e550000 of 64 bytes failed: Seule une partie d’une requête ReadProcessMemory ou WriteProcessMemory a été effectuée. (0x12B)
[1130/225000.193:WARNING:pe_image_reader.cc(340)] could not read dos header from C:\WINDOWS\System32\KERNELBASE.dll
[1130/225000.193:ERROR:process_memory_win.cc(73)] ReadMemory at 0x7ffe46700000 of 64 bytes failed: Seule une partie d’une requête ReadProcessMemory ou WriteProcessMemory a été effectuée. (0x12B)
[1130/225000.193:WARNING:pe_image_reader.cc(340)] could not read dos header from C:\Program Files (x86)\Google\Chrome\Application\87.0.4280.66\chrome_elf.dll
[1130/225000.193:ERROR:process_memory_win.cc(73)] ReadMemory at 0x7ffe85df0000 of 64 bytes failed: Seule une partie d’une requête ReadProcessMemory ou WriteProcessMemory a été effectuée. (0x12B)
[1130/225000.193:WARNING:pe_image_reader.cc(340)] could not read dos header from C:\WINDOWS\SYSTEM32\VERSION.dll
[1130/225000.193:ERROR:process_memory_win.cc(73)] ReadMemory at 0x7ffe8ed20000 of 64 bytes failed: Seule une partie d’une requête ReadProcessMemory ou WriteProcessMemory a été effectuée. (0x12B)
[1130/225000.193:WARNING:pe_image_reader.cc(340)] could not read dos header from C:\WINDOWS\System32\msvcrt.dll
[1130/225000.193:ERROR:process_memory_win.cc(73)] ReadMemory at 0x7ffe8ea90000 of 64 bytes failed: Seule une partie d’une requête ReadProcessMemory ou WriteProcessMemory a été effectuée. (0x12B)
[1130/225000.193:WARNING:pe_image_reader.cc(340)] could not read dos header from C:\WINDOWS\System32\bcryptPrimitives.dll
[1130/225000.193:ERROR:process_memory_win.cc(73)] ReadMemory at 0x7ffe90970000 of 64 bytes failed: Seule une partie d’une requête ReadProcessMemory ou WriteProcessMemory a été effectuée. (0x12B)
[1130/225000.193:WARNING:pe_image_reader.cc(340)] could not read dos header from C:\WINDOWS\System32\ADVAPI32.dll
[1130/225000.193:ERROR:process_memory_win.cc(73)] ReadMemory at 0x7ffe8edc0000 of 64 bytes failed: Seule une partie d’une requête ReadProcessMemory ou WriteProcessMemory a été effectuée. (0x12B)
[1130/225000.193:WARNING:pe_image_reader.cc(340)] could not read dos header from C:\WINDOWS\System32\sechost.dll
[1130/225000.193:ERROR:process_memory_win.cc(73)] ReadMemory at 0x7ffe90210000 of 64 bytes failed: Seule une partie d’une requête ReadProcessMemory ou WriteProcessMemory a été effectuée. (0x12B)
[1130/225000.193:WARNING:pe_image_reader.cc(340)] could not read dos header from C:\WINDOWS\System32\RPCRT4.dll
[1130/225000.193:ERROR:process_memory_win.cc(73)] ReadMemory at 0x7ffde8160000 of 64 bytes failed: Seule une partie d’une requête ReadProcessMemory ou WriteProcessMemory a été effectuée. (0x12B)
[1130/225000.193:WARNING:pe_image_reader.cc(340)] could not read dos header from C:\Program Files (x86)\Google\Chrome\Application\87.0.4280.66\chrome.dll
[1130/225000.193:ERROR:process_memory_win.cc(73)] ReadMemory at 0x7ffe8fdb0000 of 64 bytes failed: Seule une partie d’une requête ReadProcessMemory ou WriteProcessMemory a été effectuée. (0x12B)
[1130/225000.193:WARNING:pe_image_reader.cc(340)] could not read dos header from C:\WINDOWS\System32\WS2_32.dll
[1130/225000.193:ERROR:process_memory_win.cc(73)] ReadMemory at 0x7ffe90390000 of 64 bytes failed: Seule une partie d’une requête ReadProcessMemory ou WriteProcessMemory a été effectuée. (0x12B)
[1130/225000.193:WARNING:pe_image_reader.cc(340)] could not read dos header from C:\WINDOWS\System32\OLEAUT32.dll
[1130/225000.193:ERROR:process_memory_win.cc(73)] ReadMemory at 0x7ffe8e9a0000 of 64 bytes failed: Seule une partie d’une requête ReadProcessMemory ou WriteProcessMemory a été effectuée. (0x12B)
[1130/225000.193:WARNING:pe_image_reader.cc(340)] could not read dos header from C:\WINDOWS\System32\msvcp_win.dll
[1130/225000.193:ERROR:process_memory_win.cc(73)] ReadMemory at 0x7ffe8d9e0000 of 64 bytes failed: Seule une partie d’une requête ReadProcessMemory ou WriteProcessMemory a été effectuée. (0x12B)
[1130/225000.193:WARNING:pe_image_reader.cc(340)] could not read dos header from C:\WINDOWS\System32\ucrtbase.dll
[1130/225000.193:ERROR:process_memory_win.cc(73)] ReadMemory at 0x7ffe905c0000 of 64 bytes failed: Seule une partie d’une requête ReadProcessMemory ou WriteProcessMemory a été effectuée. (0x12B)
[1130/225000.193:WARNING:pe_image_reader.cc(340)] could not read dos header from C:\WINDOWS\System32\combase.dll
[1130/225000.193:ERROR:process_memory_win.cc(73)] ReadMemory at 0x7ffe8e440000 of 64 bytes failed: Seule une partie d’une requête ReadProcessMemory ou WriteProcessMemory a été effectuée. (0x12B)
[1130/225000.193:WARNING:pe_image_reader.cc(340)] could not read dos header from C:\WINDOWS\System32\WINTRUST.dll
[1130/225000.194:ERROR:process_memory_win.cc(73)] ReadMemory at 0x7ffe8d970000 of 64 bytes failed: Seule une partie d’une requête ReadProcessMemory ou WriteProcessMemory a été effectuée. (0x12B)
[1130/225000.194:WARNING:pe_image_reader.cc(340)] could not read dos header from C:\WINDOWS\System32\MSASN1.dll
[1130/225000.194:ERROR:process_memory_win.cc(73)] ReadMemory at 0x7ffe8e800000 of 64 bytes failed: Seule une partie d’une requête ReadProcessMemory ou WriteProcessMemory a été effectuée. (0x12B)
[1130/225000.194:WARNING:pe_image_reader.cc(340)] could not read dos header from C:\WINDOWS\System32\CRYPT32.dll
[1130/225000.194:ERROR:process_memory_win.cc(73)] ReadMemory at 0x7ffe8bd40000 of 64 bytes failed: Seule une partie d’une requête ReadProcessMemory ou WriteProcessMemory a été effectuée. (0x12B)
[1130/225000.194:WARNING:pe_image_reader.cc(340)] could not read dos header from C:\WINDOWS\SYSTEM32\dbghelp.dll
[1130/225000.194:ERROR:process_memory_win.cc(73)] ReadMemory at 0x7ffe8ce70000 of 64 bytes failed: Seule une partie d’une requête ReadProcessMemory ou WriteProcessMemory a été effectuée. (0x12B)
[1130/225000.194:WARNING:pe_image_reader.cc(340)] could not read dos header from C:\WINDOWS\SYSTEM32\IPHLPAPI.DLL
[1130/225000.194:ERROR:process_memory_win.cc(73)] ReadMemory at 0x7ffe8bf70000 of 64 bytes failed: Seule une partie d’une requête ReadProcessMemory ou WriteProcessMemory a été effectuée. (0x12B)
[1130/225000.194:WARNING:pe_image_reader.cc(340)] could not read dos header from C:\WINDOWS\SYSTEM32\WINMM.dll
[1130/225000.194:ERROR:process_memory_win.cc(73)] ReadMemory at 0x7ffe5aef0000 of 64 bytes failed: Seule une partie d’une requête ReadProcessMemory ou WriteProcessMemory a été effectuée. (0x12B)
[1130/225000.194:WARNING:pe_image_reader.cc(340)] could not read dos header from C:\WINDOWS\SYSTEM32\UIAutomationCore.DLL
[1130/225000.194:ERROR:process_memory_win.cc(73)] ReadMemory at 0x7ffe74b70000 of 64 bytes failed: Seule une partie d’une requête ReadProcessMemory ou WriteProcessMemory a été effectuée. (0x12B)
[1130/225000.194:WARNING:pe_image_reader.cc(340)] could not read dos header from C:\WINDOWS\SYSTEM32\Secur32.dll
[1130/225000.194:ERROR:process_memory_win.cc(73)] ReadMemory at 0x7ffe8d830000 of 64 bytes failed: Seule une partie d’une requête ReadProcessMemory ou WriteProcessMemory a été effectuée. (0x12B)
[1130/225000.194:WARNING:pe_image_reader.cc(340)] could not read dos header from C:\WINDOWS\SYSTEM32\USERENV.dll
[1130/225000.194:ERROR:process_memory_win.cc(73)] ReadMemory at 0x7ffe8d990000 of 64 bytes failed: Seule une partie d’une requête ReadProcessMemory ou WriteProcessMemory a été effectuée. (0x12B)
[1130/225000.194:WARNING:pe_image_reader.cc(340)] could not read dos header from C:\WINDOWS\System32\profapi.dll
[1130/225000.194:ERROR:process_memory_win.cc(73)] ReadMemory at 0x7ffe633d0000 of 64 bytes failed: Seule une partie d’une requête ReadProcessMemory ou WriteProcessMemory a été effectuée. (0x12B)
[1130/225000.194:WARNING:pe_image_reader.cc(340)] could not read dos header from C:\WINDOWS\SYSTEM32\DWrite.dll
[1130/225000.194:ERROR:process_memory_win.cc(73)] ReadMemory at 0x7ffe6d480000 of 64 bytes failed: Seule une partie d’une requête ReadProcessMemory ou WriteProcessMemory a été effectuée. (0x12B)
[1130/225000.194:WARNING:pe_image_reader.cc(340)] could not read dos header from C:\WINDOWS\SYSTEM32\WINSPOOL.DRV
[1130/225000.194:ERROR:process_memory_win.cc(73)] ReadMemory at 0x7ffe8d9c0000 of 64 bytes failed: Seule une partie d’une requête ReadProcessMemory ou WriteProcessMemory a été effectuée. (0x12B)
[1130/225000.194:WARNING:pe_image_reader.cc(340)] could not read dos header from C:\WINDOWS\System32\kernel.appcore.dll
[1130/225000.194:ERROR:process_memory_win.cc(73)] ReadMemory at 0x7ffe8ea40000 of 64 bytes failed: Seule une partie d’une requête ReadProcessMemory ou WriteProcessMemory a été effectuée. (0x12B)
[1130/225000.194:WARNING:pe_image_reader.cc(340)] could not read dos header from C:\WINDOWS\System32\bcrypt.dll
[1130/225000.194:ERROR:process_memory_win.cc(73)] ReadMemory at 0x7ffe8b350000 of 64 bytes failed: Seule une partie d’une requête ReadProcessMemory ou WriteProcessMemory a été effectuée. (0x12B)
[1130/225000.194:WARNING:pe_image_reader.cc(340)] could not read dos header from C:\WINDOWS\SYSTEM32\WINHTTP.dll
[1130/225000.194:ERROR:process_memory_win.cc(73)] ReadMemory at 0x7ffe82fa0000 of 64 bytes failed: Seule une partie d’une requête ReadProcessMemory ou WriteProcessMemory a été effectuée. (0x12B)
[1130/225000.194:WARNING:pe_image_reader.cc(340)] could not read dos header from C:\WINDOWS\SYSTEM32\dhcpcsvc.DLL
[1130/225000.194:ERROR:process_memory_win.cc(73)] ReadMemory at 0x7ffe8eb40000 of 64 bytes failed: Seule une partie d’une requête ReadProcessMemory ou WriteProcessMemory a été effectuée. (0x12B)
[1130/225000.194:WARNING:pe_image_reader.cc(340)] could not read dos header from C:\WINDOWS\System32\NSI.dll
[1130/225000.194:ERROR:process_memory_win.cc(73)] ReadMemory at 0x7ffe8bf40000 of 64 bytes failed: Seule une partie d’une requête ReadProcessMemory ou WriteProcessMemory a été effectuée. (0x12B)
[1130/225000.194:WARNING:pe_image_reader.cc(340)] could not read dos header from C:\WINDOWS\SYSTEM32\WINMMBASE.dll
[1130/225000.195:ERROR:process_memory_win.cc(73)] ReadMemory at 0x7ffe8e950000 of 64 bytes failed: Seule une partie d’une requête ReadProcessMemory ou WriteProcessMemory a été effectuée. (0x12B)
[1130/225000.195:WARNING:pe_image_reader.cc(340)] could not read dos header from C:\WINDOWS\System32\cfgmgr32.dll
[1130/225000.195:ERROR:process_memory_win.cc(73)] ReadMemory at 0x7ffe89690000 of 64 bytes failed: Seule une partie d’une requête ReadProcessMemory ou WriteProcessMemory a été effectuée. (0x12B)
[1130/225000.195:WARNING:pe_image_reader.cc(340)] could not read dos header from C:\WINDOWS\SYSTEM32\PROPSYS.dll
[1130/225000.195:ERROR:process_memory_win.cc(73)] ReadMemory at 0x7ffe8f390000 of 64 bytes failed: Seule une partie d’une requête ReadProcessMemory ou WriteProcessMemory a été effectuée. (0x12B)
[1130/225000.195:WARNING:pe_image_reader.cc(340)] could not read dos header from C:\WINDOWS\System32\shcore.dll
[1130/225000.195:ERROR:process_memory_win.cc(73)] ReadMemory at 0x7ffe8d7f0000 of 64 bytes failed: Seule une partie d’une requête ReadProcessMemory ou WriteProcessMemory a été effectuée. (0x12B)
[1130/225000.195:WARNING:pe_image_reader.cc(340)] could not read dos header from C:\WINDOWS\SYSTEM32\SSPICLI.DLL
[1130/225000.195:ERROR:process_memory_win.cc(73)] ReadMemory at 0x7ffe8d330000 of 64 bytes failed: Seule une partie d’une requête ReadProcessMemory ou WriteProcessMemory a été effectuée. (0x12B)
[1130/225000.195:WARNING:pe_image_reader.cc(340)] could not read dos header from C:\WINDOWS\SYSTEM32\CRYPTBASE.DLL
[1130/225000.206:ERROR:process_memory_win.cc(73)] ReadMemory at 0xe78bff5000 of 45056 bytes failed: Seule une partie d’une requête ReadProcessMemory ou WriteProcessMemory a été effectuée. (0x12B)
[1130/225000.206:ERROR:process_memory_win.cc(73)] ReadMemory at 0xe78c7fe000 of 8192 bytes failed: Seule une partie d’une requête ReadProcessMemory ou WriteProcessMemory a été effectuée. (0x12B)
[1130/225000.206:ERROR:process_memory_win.cc(73)] ReadMemory at 0xe78cffc000 of 16384 bytes failed: Seule une partie d’une requête ReadProcessMemory ou WriteProcessMemory a été effectuée. (0x12B)
[1130/225000.206:ERROR:process_memory_win.cc(73)] ReadMemory at 0xe78d7fe000 of 8192 bytes failed: Seule une partie d’une requête ReadProcessMemory ou WriteProcessMemory a été effectuée. (0x12B)
[1130/225000.206:ERROR:process_memory_win.cc(73)] ReadMemory at 0xe78dffd000 of 12288 bytes failed: Seule une partie d’une requête ReadProcessMemory ou WriteProcessMemory a été effectuée. (0x12B)
[1130/225000.206:ERROR:process_memory_win.cc(73)] ReadMemory at 0xe78e7fe000 of 8192 bytes failed: Seule une partie d’une requête ReadProcessMemory ou WriteProcessMemory a été effectuée. (0x12B)
[1130/225000.206:ERROR:process_memory_win.cc(73)] ReadMemory at 0xe78effe000 of 8192 bytes failed: Seule une partie d’une requête ReadProcessMemory ou WriteProcessMemory a été effectuée. (0x12B)
[1130/225000.206:ERROR:process_memory_win.cc(73)] ReadMemory at 0xe78f7fe000 of 8192 bytes failed: Seule une partie d’une requête ReadProcessMemory ou WriteProcessMemory a été effectuée. (0x12B)
[1130/225000.207:ERROR:process_memory_win.cc(73)] ReadMemory at 0xe78fffe000 of 8192 bytes failed: Seule une partie d’une requête ReadProcessMemory ou WriteProcessMemory a été effectuée. (0x12B)
[1130/225000.207:ERROR:process_memory_win.cc(73)] ReadMemory at 0xe7907fe000 of 8192 bytes failed: Seule une partie d’une requête ReadProcessMemory ou WriteProcessMemory a été effectuée. (0x12B)
[1130/225000.207:ERROR:process_memory_win.cc(73)] ReadMemory at 0xe790ffe000 of 8192 bytes failed: Seule une partie d’une requête ReadProcessMemory ou WriteProcessMemory a été effectuée. (0x12B)
[1130/225000.207:ERROR:process_memory_win.cc(73)] ReadMemory at 0xe7917fe000 of 8192 bytes failed: Seule une partie d’une requête ReadProcessMemory ou WriteProcessMemory a été effectuée. (0x12B)
[1130/225000.207:ERROR:process_memory_win.cc(73)] ReadMemory at 0xe791ffe000 of 8192 bytes failed: Seule une partie d’une requête ReadProcessMemory ou WriteProcessMemory a été effectuée. (0x12B)
[1130/225000.207:ERROR:process_memory_win.cc(73)] ReadMemory at 0xe7927fe000 of 8192 bytes failed: Seule une partie d’une requête ReadProcessMemory ou WriteProcessMemory a été effectuée. (0x12B)
[1130/225000.207:ERROR:process_memory_win.cc(73)] ReadMemory at 0xe792ffe000 of 8192 bytes failed: Seule une partie d’une requête ReadProcessMemory ou WriteProcessMemory a été effectuée. (0x12B)
[1130/225000.207:ERROR:process_memory_win.cc(73)] ReadMemory at 0xe7937fe000 of 8192 bytes failed: Seule une partie d’une requête ReadProcessMemory ou WriteProcessMemory a été effectuée. (0x12B)
[1130/225000.207:ERROR:process_memory_win.cc(73)] ReadMemory at 0xe78b713000 of 852 bytes failed: Seule une partie d’une requête ReadProcessMemory ou WriteProcessMemory a été effectuée. (0x12B)
[1130/225000.207:ERROR:process_memory_win.cc(73)] ReadMemory at 0xe78b714000 of 6024 bytes failed: Seule une partie d’une requête ReadProcessMemory ou WriteProcessMemory a été effectuée. (0x12B)
[1130/225000.207:ERROR:process_memory_win.cc(73)] ReadMemory at 0xe78b716000 of 6024 bytes failed: Seule une partie d’une requête ReadProcessMemory ou WriteProcessMemory a été effectuée. (0x12B)
[1130/225000.207:ERROR:process_memory_win.cc(73)] ReadMemory at 0xe78b718000 of 6024 bytes failed: Seule une partie d’une requête ReadProcessMemory ou WriteProcessMemory a été effectuée. (0x12B)
[1130/225000.208:ERROR:process_memory_win.cc(73)] ReadMemory at 0xe78b71a000 of 6024 bytes failed: Seule une partie d’une requête ReadProcessMemory ou WriteProcessMemory a été effectuée. (0x12B)
[1130/225000.208:ERROR:process_memory_win.cc(73)] ReadMemory at 0xe78b71c000 of 6024 bytes failed: Seule une partie d’une requête ReadProcessMemory ou WriteProcessMemory a été effectuée. (0x12B)
[1130/225000.208:ERROR:process_memory_win.cc(73)] ReadMemory at 0xe78b71e000 of 6024 bytes failed: Seule une partie d’une requête ReadProcessMemory ou WriteProcessMemory a été effectuée. (0x12B)
[1130/225000.208:ERROR:process_memory_win.cc(73)] ReadMemory at 0xe78b720000 of 6024 bytes failed: Seule une partie d’une requête ReadProcessMemory ou WriteProcessMemory a été effectuée. (0x12B)
[1130/225000.208:ERROR:process_memory_win.cc(73)] ReadMemory at 0xe78b722000 of 6024 bytes failed: Seule une partie d’une requête ReadProcessMemory ou WriteProcessMemory a été effectuée. (0x12B)
[1130/225000.208:ERROR:process_memory_win.cc(73)] ReadMemory at 0xe78b724000 of 6024 bytes failed: Seule une partie d’une requête ReadProcessMemory ou WriteProcessMemory a été effectuée. (0x12B)
[1130/225000.208:ERROR:process_memory_win.cc(73)] ReadMemory at 0xe78b726000 of 6024 bytes failed: Seule une partie d’une requête ReadProcessMemory ou WriteProcessMemory a été effectuée. (0x12B)
[1130/225000.208:ERROR:process_memory_win.cc(73)] ReadMemory at 0xe78b728000 of 6024 bytes failed: Seule une partie d’une requête ReadProcessMemory ou WriteProcessMemory a été effectuée. (0x12B)
[1130/225000.208:ERROR:process_memory_win.cc(73)] ReadMemory at 0xe78b72a000 of 6024 bytes failed: Seule une partie d’une requête ReadProcessMemory ou WriteProcessMemory a été effectuée. (0x12B)
[1130/225000.208:ERROR:process_memory_win.cc(73)] ReadMemory at 0xe78b72c000 of 6024 bytes failed: Seule une partie d’une requête ReadProcessMemory ou WriteProcessMemory a été effectuée. (0x12B)
[1130/225000.208:ERROR:process_memory_win.cc(73)] ReadMemory at 0xe78b72e000 of 6024 bytes failed: Seule une partie d’une requête ReadProcessMemory ou WriteProcessMemory a été effectuée. (0x12B)
[1130/225000.208:ERROR:process_memory_win.cc(73)] ReadMemory at 0xe78b730000 of 6024 bytes failed: Seule une partie d’une requête ReadProcessMemory ou WriteProcessMemory a été effectuée. (0x12B)
[1130/225000.209:ERROR:process_memory_win.cc(73)] ReadMemory at 0xe78b732000 of 6024 bytes failed: Seule une partie d’une requête ReadProcessMemory ou WriteProcessMemory a été effectuée. (0x12B)
[1130/225000.209:ERROR:process_memory_win.cc(73)] ReadMemory at 0x23223aa0000 of 384 bytes failed: Seule une partie d’une requête ReadProcessMemory ou WriteProcessMemory a été effectuée. (0x12B)
[1130/225000.209:ERROR:process_memory_win.cc(73)] ReadMemory at 0x23223aa0fe0 of 3804 bytes failed: Seule une partie d’une requête ReadProcessMemory ou WriteProcessMemory a été effectuée. (0x12B)
[1130/225000.209:ERROR:process_memory_win.cc(73)] ReadMemory at 0x23223aa1ed0 of 1012 bytes failed: Seule une partie d’une requête ReadProcessMemory ou WriteProcessMemory a été effectuée. (0x12B)
[1130/225000.209:ERROR:process_memory_win.cc(73)] ReadMemory at 0x23223aa2518 of 118 bytes failed: Seule une partie d’une requête ReadProcessMemory ou WriteProcessMemory a été effectuée. (0x12B)
[1130/225000.209:ERROR:process_memory_win.cc(73)] ReadMemory at 0x23223aa2590 of 714 bytes failed: Seule une partie d’une requête ReadProcessMemory ou WriteProcessMemory a été effectuée. (0x12B)
[1130/225000.209:ERROR:process_memory_win.cc(73)] ReadMemory at 0x23223aa285c of 118 bytes failed: Seule une partie d’une requête ReadProcessMemory ou WriteProcessMemory a été effectuée. (0x12B)
[1130/225000.209:ERROR:process_memory_win.cc(73)] ReadMemory at 0x23223aa28d4 of 96 bytes failed: Seule une partie d’une requête ReadProcessMemory ou WriteProcessMemory a été effectuée. (0x12B)
[1130/225000.209:ERROR:process_memory_win.cc(73)] ReadMemory at 0x23223aa2940 of 58 bytes failed: Seule une partie d’une requête ReadProcessMemory ou WriteProcessMemory a été effectuée. (0x12B)
[1130/225000.209:ERROR:process_memory_win.cc(73)] ReadMemory at 0x23223aa2a40 of 132 bytes failed: Seule une partie d’une requête ReadProcessMemory ou WriteProcessMemory a été effectuée. (0x12B)
[1130/225000.209:ERROR:process_memory_win.cc(73)] ReadMemory at 0x23223aa2bd0 of 132 bytes failed: Seule une partie d’une requête ReadProcessMemory ou WriteProcessMemory a été effectuée. (0x12B)
[1130/225000.209:ERROR:process_memory_win.cc(73)] ReadMemory at 0x23223aa2d90 of 124 bytes failed: Seule une partie d’une requête ReadProcessMemory ou WriteProcessMemory a été effectuée. (0x12B)
[1130/225000.209:ERROR:process_memory_win.cc(73)] ReadMemory at 0x23223aa3290 of 132 bytes failed: Seule une partie d’une requête ReadProcessMemory ou WriteProcessMemory a été effectuée. (0x12B)
[1130/225000.209:ERROR:process_memory_win.cc(73)] ReadMemory at 0x23223aa3420 of 64 bytes failed: Seule une partie d’une requête ReadProcessMemory ou WriteProcessMemory a été effectuée. (0x12B)
[1130/225000.209:ERROR:process_memory_win.cc(73)] ReadMemory at 0x23223aa35e0 of 132 bytes failed: Seule une partie d’une requête ReadProcessMemory ou WriteProcessMemory a été effectuée. (0x12B)
[1130/225000.210:ERROR:process_memory_win.cc(73)] ReadMemory at 0x23223aa3880 of 132 bytes failed: Seule une partie d’une requête ReadProcessMemory ou WriteProcessMemory a été effectuée. (0x12B)
[1130/225000.210:ERROR:process_memory_win.cc(73)] ReadMemory at 0x23223aa3a10 of 68 bytes failed: Seule une partie d’une requête ReadProcessMemory ou WriteProcessMemory a été effectuée. (0x12B)
[1130/225000.210:ERROR:process_memory_win.cc(73)] ReadMemory at 0x23223aa4ac0 of 132 bytes failed: Seule une partie d’une requête ReadProcessMemory ou WriteProcessMemory a été effectuée. (0x12B)
[1130/225000.210:ERROR:process_memory_win.cc(73)] ReadMemory at 0x23223aa4c50 of 152 bytes failed: Seule une partie d’une requête ReadProcessMemory ou WriteProcessMemory a été effectuée. (0x12B)
[1130/225000.210:ERROR:process_memory_win.cc(73)] ReadMemory at 0x23223aa5b40 of 60 bytes failed: Seule une partie d’une requête ReadProcessMemory ou WriteProcessMemory a été effectuée. (0x12B)
[1130/225000.210:ERROR:process_memory_win.cc(73)] ReadMemory at 0x23223aa5f70 of 62 bytes failed: Seule une partie d’une requête ReadProcessMemory ou WriteProcessMemory a été effectuée. (0x12B)
[1130/225000.210:ERROR:process_memory_win.cc(73)] ReadMemory at 0x23223aa5fd0 of 132 bytes failed: Seule une partie d’une requête ReadProcessMemory ou WriteProcessMemory a été effectuée. (0x12B)
[1130/225000.210:ERROR:process_memory_win.cc(73)] ReadMemory at 0x23223aad4e0 of 62 bytes failed: Seule une partie d’une requête ReadProcessMemory ou WriteProcessMemory a été effectuée. (0x12B)
[1130/225000.210:ERROR:process_memory_win.cc(73)] ReadMemory at 0x23223ab0ae0 of 80 bytes failed: Seule une partie d’une requête ReadProcessMemory ou WriteProcessMemory a été effectuée. (0x12B)
[1130/225000.210:ERROR:process_memory_win.cc(73)] ReadMemory at 0x23223ab0cc0 of 76 bytes failed: Seule une partie d’une requête ReadProcessMemory ou WriteProcessMemory a été effectuée. (0x12B)
[1130/225000.210:ERROR:process_memory_win.cc(73)] ReadMemory at 0x23223ab1020 of 80 bytes failed: Seule une partie d’une requête ReadProcessMemory ou WriteProcessMemory a été effectuée. (0x12B)
[1130/225000.210:ERROR:process_memory_win.cc(73)] ReadMemory at 0x23223ab2e50 of 132 bytes failed: Seule une partie d’une requête ReadProcessMemory ou WriteProcessMemory a été effectuée. (0x12B)
[1130/225000.210:ERROR:process_memory_win.cc(73)] ReadMemory at 0x23223ab2f80 of 132 bytes failed: Seule une partie d’une requête ReadProcessMemory ou WriteProcessMemory a été effectuée. (0x12B)
[1130/225000.210:ERROR:process_memory_win.cc(73)] ReadMemory at 0x23223ab34a0 of 132 bytes failed: Seule une partie d’une requête ReadProcessMemory ou WriteProcessMemory a été effectuée. (0x12B)
[1130/225000.210:ERROR:process_memory_win.cc(73)] ReadMemory at 0x23223ab36c0 of 132 bytes failed: Seule une partie d’une requête ReadProcessMemory ou WriteProcessMemory a été effectuée. (0x12B)
[1130/225000.210:ERROR:process_memory_win.cc(73)] ReadMemory at 0x23223ab3ad0 of 132 bytes failed: Seule une partie d’une requête ReadProcessMemory ou WriteProcessMemory a été effectuée. (0x12B)
[1130/225000.211:ERROR:process_memory_win.cc(73)] ReadMemory at 0x23223ab6990 of 144 bytes failed: Seule une partie d’une requête ReadProcessMemory ou WriteProcessMemory a été effectuée. (0x12B)
[1130/225000.211:ERROR:process_memory_win.cc(73)] ReadMemory at 0x23223ab6dc0 of 132 bytes failed: Seule une partie d’une requête ReadProcessMemory ou WriteProcessMemory a été effectuée. (0x12B)
[1130/225000.211:ERROR:process_memory_win.cc(73)] ReadMemory at 0x23223ab7890 of 132 bytes failed: Seule une partie d’une requête ReadProcessMemory ou WriteProcessMemory a été effectuée. (0x12B)
[1130/225000.211:ERROR:process_memory_win.cc(73)] ReadMemory at 0x23223ab9bc0 of 132 bytes failed: Seule une partie d’une requête ReadProcessMemory ou WriteProcessMemory a été effectuée. (0x12B)
[1130/225000.211:ERROR:process_memory_win.cc(73)] ReadMemory at 0x23223ab9e90 of 64 bytes failed: Seule une partie d’une requête ReadProcessMemory ou WriteProcessMemory a été effectuée. (0x12B)
[1130/225000.211:ERROR:process_memory_win.cc(73)] ReadMemory at 0x23223ab9ee0 of 62 bytes failed: Seule une partie d’une requête ReadProcessMemory ou WriteProcessMemory a été effectuée. (0x12B)
[1130/225000.211:ERROR:process_memory_win.cc(73)] ReadMemory at 0x23223ab9f30 of 62 bytes failed: Seule une partie d’une requête ReadProcessMemory ou WriteProcessMemory a été effectuée. (0x12B)
[1130/225000.211:ERROR:process_memory_win.cc(73)] ReadMemory at 0x23223aba070 of 62 bytes failed: Seule une partie d’une requête ReadProcessMemory ou WriteProcessMemory a été effectuée. (0x12B)
[1130/225000.211:ERROR:process_memory_win.cc(73)] ReadMemory at 0x23223aba0c0 of 60 bytes failed: Seule une partie d’une requête ReadProcessMemory ou WriteProcessMemory a été effectuée. (0x12B)
[1130/225000.211:ERROR:process_memory_win.cc(73)] ReadMemory at 0x23223aba110 of 64 bytes failed: Seule une partie d’une requête ReadProcessMemory ou WriteProcessMemory a été effectuée. (0x12B)
[1130/225000.211:ERROR:process_memory_win.cc(73)] ReadMemory at 0x23223aba2a0 of 58 bytes failed: Seule une partie d’une requête ReadProcessMemory ou WriteProcessMemory a été effectuée. (0x12B)
[1130/225000.211:ERROR:process_memory_win.cc(73)] ReadMemory at 0x23223aba390 of 62 bytes failed: Seule une partie d’une requête ReadProcessMemory ou WriteProcessMemory a été effectuée. (0x12B)
[1130/225000.211:ERROR:process_memory_win.cc(73)] ReadMemory at 0x23223aba3e0 of 60 bytes failed: Seule une partie d’une requête ReadProcessMemory ou WriteProcessMemory a été effectuée. (0x12B)
[1130/225000.211:ERROR:process_memory_win.cc(73)] ReadMemory at 0x23223aba480 of 62 bytes failed: Seule une partie d’une requête ReadProcessMemory ou WriteProcessMemory a été effectuée. (0x12B)
[1130/225000.211:ERROR:process_memory_win.cc(73)] ReadMemory at 0x23223aba4d0 of 60 bytes failed: Seule une partie d’une requête ReadProcessMemory ou WriteProcessMemory a été effectuée. (0x12B)
[1130/225000.211:ERROR:process_memory_win.cc(73)] ReadMemory at 0x23223aba520 of 62 bytes failed: Seule une partie d’une requête ReadProcessMemory ou WriteProcessMemory a été effectuée. (0x12B)
[1130/225000.212:ERROR:process_memory_win.cc(73)] ReadMemory at 0x23223aba570 of 64 bytes failed: Seule une partie d’une requête ReadProcessMemory ou WriteProcessMemory a été effectuée. (0x12B)
[1130/225000.212:ERROR:process_memory_win.cc(73)] ReadMemory at 0x23223aba5c0 of 66 bytes failed: Seule une partie d’une requête ReadProcessMemory ou WriteProcessMemory a été effectuée. (0x12B)
[1130/225000.212:ERROR:process_memory_win.cc(73)] ReadMemory at 0x23223aba610 of 60 bytes failed: Seule une partie d’une requête ReadProcessMemory ou WriteProcessMemory a été effectuée. (0x12B)
[1130/225000.212:ERROR:process_memory_win.cc(73)] ReadMemory at 0x23223aba700 of 64 bytes failed: Seule une partie d’une requête ReadProcessMemory ou WriteProcessMemory a été effectuée. (0x12B)
[1130/225000.212:ERROR:process_memory_win.cc(73)] ReadMemory at 0x23223aba7a0 of 64 bytes failed: Seule une partie d’une requête ReadProcessMemory ou WriteProcessMemory a été effectuée. (0x12B)
[1130/225000.212:ERROR:process_memory_win.cc(73)] ReadMemory at 0x23223aba7f0 of 64 bytes failed: Seule une partie d’une requête ReadProcessMemory ou WriteProcessMemory a été effectuée. (0x12B)
[1130/225000.212:ERROR:process_memory_win.cc(73)] ReadMemory at 0x23223aba840 of 62 bytes failed: Seule une partie d’une requête ReadProcessMemory ou WriteProcessMemory a été effectuée. (0x12B)
[1130/225000.212:ERROR:process_memory_win.cc(73)] ReadMemory at 0x23223aba930 of 64 bytes failed: Seule une partie d’une requête ReadProcessMemory ou WriteProcessMemory a été effectuée. (0x12B)
[1130/225000.212:ERROR:process_memory_win.cc(73)] ReadMemory at 0x23223aba9d0 of 62 bytes failed: Seule une partie d’une requête ReadProcessMemory ou WriteProcessMemory a été effectuée. (0x12B)
[1130/225000.212:ERROR:process_memory_win.cc(73)] ReadMemory at 0x23223abaac0 of 62 bytes failed: Seule une partie d’une requête ReadProcessMemory ou WriteProcessMemory a été effectuée. (0x12B)
[1130/225000.212:ERROR:process_memory_win.cc(73)] ReadMemory at 0x23223abab60 of 66 bytes failed: Seule une partie d’une requête ReadProcessMemory ou WriteProcessMemory a été effectuée. (0x12B)
[1130/225000.212:ERROR:process_memory_win.cc(73)] ReadMemory at 0x23223ababb0 of 64 bytes failed: Seule une partie d’une requête ReadProcessMemory ou WriteProcessMemory a été effectuée. (0x12B)
[1130/225000.212:ERROR:process_memory_win.cc(73)] ReadMemory at 0x23223abaca0 of 60 bytes failed: Seule une partie d’une requête ReadProcessMemory ou WriteProcessMemory a été effectuée. (0x12B)
[1130/225000.212:ERROR:process_memory_win.cc(73)] ReadMemory at 0x23223abad90 of 60 bytes failed: Seule une partie d’une requête ReadProcessMemory ou WriteProcessMemory a été effectuée. (0x12B)
[1130/225000.212:ERROR:process_memory_win.cc(73)] ReadMemory at 0x23223abdd20 of 54 bytes failed: Seule une partie d’une requête ReadProcessMemory ou WriteProcessMemory a été effectuée. (0x12B)
[1130/225000.212:ERROR:process_memory_win.cc(73)] ReadMemory at 0x23223abebc0 of 132 bytes failed: Seule une partie d’une requête ReadProcessMemory ou WriteProcessMemory a été effectuée. (0x12B)
[1130/225000.213:ERROR:process_memory_win.cc(73)] ReadMemory at 0x23223abedd0 of 132 bytes failed: Seule une partie d’une requête ReadProcessMemory ou WriteProcessMemory a été effectuée. (0x12B)
[1130/225000.213:ERROR:process_memory_win.cc(73)] ReadMemory at 0x23223abef50 of 132 bytes failed: Seule une partie d’une requête ReadProcessMemory ou WriteProcessMemory a été effectuée. (0x12B)
[1130/225000.213:ERROR:process_memory_win.cc(73)] ReadMemory at 0x23223abf080 of 132 bytes failed: Seule une partie d’une requête ReadProcessMemory ou WriteProcessMemory a été effectuée. (0x12B)
[1130/225000.213:ERROR:process_memory_win.cc(73)] ReadMemory at 0x23223abf1b0 of 132 bytes failed: Seule une partie d’une requête ReadProcessMemory ou WriteProcessMemory a été effectuée. (0x12B)
[1130/225000.213:ERROR:process_memory_win.cc(73)] ReadMemory at 0x23223abf2e0 of 132 bytes failed: Seule une partie d’une requête ReadProcessMemory ou WriteProcessMemory a été effectuée. (0x12B)
[1130/225000.213:ERROR:process_memory_win.cc(73)] ReadMemory at 0x23223abf410 of 132 bytes failed: Seule une partie d’une requête ReadProcessMemory ou WriteProcessMemory a été effectuée. (0x12B)
[1130/225000.213:ERROR:process_memory_win.cc(73)] ReadMemory at 0x23223abf540 of 132 bytes failed: Seule une partie d’une requête ReadProcessMemory ou WriteProcessMemory a été effectuée. (0x12B)
[1130/225000.213:ERROR:process_memory_win.cc(73)] ReadMemory at 0x23223abf7a0 of 132 bytes failed: Seule une partie d’une requête ReadProcessMemory ou WriteProcessMemory a été effectuée. (0x12B)
[1130/225000.213:ERROR:process_memory_win.cc(73)] ReadMemory at 0x23223abf8d0 of 132 bytes failed: Seule une partie d’une requête ReadProcessMemory ou WriteProcessMemory a été effectuée. (0x12B)
[1130/225000.213:ERROR:process_memory_win.cc(73)] ReadMemory at 0x23223abfa00 of 132 bytes failed: Seule une partie d’une requête ReadProcessMemory ou WriteProcessMemory a été effectuée. (0x12B)
[1130/225000.213:ERROR:process_memory_win.cc(73)] ReadMemory at 0x23223abfb30 of 132 bytes failed: Seule une partie d’une requête ReadProcessMemory ou WriteProcessMemory a été effectuée. (0x12B)
[1130/225000.213:ERROR:process_memory_win.cc(73)] ReadMemory at 0x23223abfc60 of 132 bytes failed: Seule une partie d’une requête ReadProcessMemory ou WriteProcessMemory a été effectuée. (0x12B)
[1130/225000.213:ERROR:process_memory_win.cc(73)] ReadMemory at 0x23223abfd90 of 132 bytes failed: Seule une partie d’une requête ReadProcessMemory ou WriteProcessMemory a été effectuée. (0x12B)
[1130/225000.213:ERROR:process_memory_win.cc(73)] ReadMemory at 0x23223ac07e0 of 132 bytes failed: Seule une partie d’une requête ReadProcessMemory ou WriteProcessMemory a été effectuée. (0x12B)
[1130/225000.213:ERROR:process_memory_win.cc(73)] ReadMemory at 0x23223ac0b70 of 132 bytes failed: Seule une partie d’une requête ReadProcessMemory ou WriteProcessMemory a été effectuée. (0x12B)
[1130/225000.213:ERROR:process_memory_win.cc(73)] ReadMemory at 0x23223ac0dd0 of 132 bytes failed: Seule une partie d’une requête ReadProcessMemory ou WriteProcessMemory a été effectuée. (0x12B)
[1130/225000.214:ERROR:process_memory_win.cc(73)] ReadMemory at 0x23223ac0f00 of 132 bytes failed: Seule une partie d’une requête ReadProcessMemory ou WriteProcessMemory a été effectuée. (0x12B)
[1130/225000.214:ERROR:process_memory_win.cc(73)] ReadMemory at 0x23223ac1030 of 132 bytes failed: Seule une partie d’une requête ReadProcessMemory ou WriteProcessMemory a été effectuée. (0x12B)
[1130/225000.214:ERROR:process_memory_win.cc(73)] ReadMemory at 0x23223ac13c0 of 132 bytes failed: Seule une partie d’une requête ReadProcessMemory ou WriteProcessMemory a été effectuée. (0x12B)
[1130/225000.214:ERROR:process_memory_win.cc(73)] ReadMemory at 0x23223ac19b0 of 132 bytes failed: Seule une partie d’une requête ReadProcessMemory ou WriteProcessMemory a été effectuée. (0x12B)
[1130/225000.214:ERROR:process_memory_win.cc(73)] ReadMemory at 0x23223ac1ae0 of 132 bytes failed: Seule une partie d’une requête ReadProcessMemory ou WriteProcessMemory a été effectuée. (0x12B)
[1130/225000.214:ERROR:process_memory_win.cc(73)] ReadMemory at 0x23223ac1fa0 of 132 bytes failed: Seule une partie d’une requête ReadProcessMemory ou WriteProcessMemory a été effectuée. (0x12B)
[1130/225000.214:ERROR:process_memory_win.cc(73)] ReadMemory at 0x23223ac2200 of 132 bytes failed: Seule une partie d’une requête ReadProcessMemory ou WriteProcessMemory a été effectuée. (0x12B)
[1130/225000.214:ERROR:process_memory_win.cc(73)] ReadMemory at 0x23223ad66f0 of 512 bytes failed: Seule une partie d’une requête ReadProcessMemory ou WriteProcessMemory a été effectuée. (0x12B)
[1130/225000.214:ERROR:process_memory_win.cc(73)] ReadMemory at 0x23223b09ca0 of 512 bytes failed: Seule une partie d’une requête ReadProcessMemory ou WriteProcessMemory a été effectuée. (0x12B)
[1130/225000.214:ERROR:process_memory_win.cc(73)] ReadMemory at 0x23223b0b020 of 512 bytes failed: Seule une partie d’une requête ReadProcessMemory ou WriteProcessMemory a été effectuée. (0x12B)
[1130/225000.214:ERROR:process_memory_win.cc(73)] ReadMemory at 0x23223b0b670 of 512 bytes failed: Seule une partie d’une requête ReadProcessMemory ou WriteProcessMemory a été effectuée. (0x12B)
[1130/225000.214:ERROR:process_memory_win.cc(73)] ReadMemory at 0x23223b2c820 of 512 bytes failed: Seule une partie d’une requête ReadProcessMemory ou WriteProcessMemory a été effectuée. (0x12B)
[1130/225000.214:ERROR:process_memory_win.cc(73)] ReadMemory at 0x23223b2e408 of 512 bytes failed: Seule une partie d’une requête ReadProcessMemory ou WriteProcessMemory a été effectuée. (0x12B)
[1130/225000.214:ERROR:process_memory_win.cc(73)] ReadMemory at 0x23223b3e590 of 712 bytes failed: Seule une partie d’une requête ReadProcessMemory ou WriteProcessMemory a été effectuée. (0x12B)
[1130/225000.214:ERROR:process_memory_win.cc(73)] ReadMemory at 0x23223b571a0 of 512 bytes failed: Seule une partie d’une requête ReadProcessMemory ou WriteProcessMemory a été effectuée. (0x12B)
[1130/225000.215:ERROR:process_memory_win.cc(73)] ReadMemory at 0x23223b6c2b0 of 512 bytes failed: Seule une partie d’une requête ReadProcessMemory ou WriteProcessMemory a été effectuée. (0x12B)
[1130/225000.215:ERROR:process_memory_win.cc(73)] ReadMemory at 0x23223b6c6b0 of 512 bytes failed: Seule une partie d’une requête ReadProcessMemory ou WriteProcessMemory a été effectuée. (0x12B)
[1130/225000.215:ERROR:process_memory_win.cc(73)] ReadMemory at 0x23223b981c0 of 512 bytes failed: Seule une partie d’une requête ReadProcessMemory ou WriteProcessMemory a été effectuée. (0x12B)
[1130/225000.215:ERROR:process_memory_win.cc(73)] ReadMemory at 0x23223be0e80 of 512 bytes failed: Seule une partie d’une requête ReadProcessMemory ou WriteProcessMemory a été effectuée. (0x12B)
[1130/225000.215:ERROR:process_memory_win.cc(73)] ReadMemory at 0x232255897d6 of 784 bytes failed: Seule une partie d’une requête ReadProcessMemory ou WriteProcessMemory a été effectuée. (0x12B)
[1130/225000.215:ERROR:process_memory_win.cc(73)] ReadMemory at 0x232255abf10 of 512 bytes failed: Seule une partie d’une requête ReadProcessMemory ou WriteProcessMemory a été effectuée. (0x12B)
[1130/225000.215:ERROR:process_memory_win.cc(73)] ReadMemory at 0x232255bab56 of 1040 bytes failed: Seule une partie d’une requête ReadProcessMemory ou WriteProcessMemory a été effectuée. (0x12B)
[1130/225000.215:ERROR:process_memory_win.cc(73)] ReadMemory at 0x23225662088 of 2096 bytes failed: Seule une partie d’une requête ReadProcessMemory ou WriteProcessMemory a été effectuée. (0x12B)
[1130/225000.215:ERROR:process_memory_win.cc(73)] ReadMemory at 0x2322576f680 of 512 bytes failed: Seule une partie d’une requête ReadProcessMemory ou WriteProcessMemory a été effectuée. (0x12B)
[1130/225000.215:ERROR:process_memory_win.cc(73)] ReadMemory at 0x232257ad930 of 512 bytes failed: Seule une partie d’une requête ReadProcessMemory ou WriteProcessMemory a été effectuée. (0x12B)
[1130/225000.215:ERROR:process_memory_win.cc(73)] ReadMemory at 0x23225b5aea0 of 512 bytes failed: Seule une partie d’une requête ReadProcessMemory ou WriteProcessMemory a été effectuée. (0x12B)
[1130/225000.215:ERROR:process_memory_win.cc(73)] ReadMemory at 0x23225b65ed8 of 512 bytes failed: Seule une partie d’une requête ReadProcessMemory ou WriteProcessMemory a été effectuée. (0x12B)
[1130/225000.215:ERROR:process_memory_win.cc(73)] ReadMemory at 0x23225b84488 of 512 bytes failed: Seule une partie d’une requête ReadProcessMemory ou WriteProcessMemory a été effectuée. (0x12B)
[1130/225000.215:ERROR:process_memory_win.cc(73)] ReadMemory at 0x7ffdea184a15 of 512 bytes failed: Seule une partie d’une requête ReadProcessMemory ou WriteProcessMemory a été effectuée. (0x12B)
[1130/225000.215:ERROR:process_memory_win.cc(73)] ReadMemory at 0x7ffdea595190 of 512 bytes failed: Seule une partie d’une requête ReadProcessMemory ou WriteProcessMemory a été effectuée. (0x12B)
[1130/225000.216:ERROR:process_memory_win.cc(73)] ReadMemory at 0x7ffdea95b0fc of 512 bytes failed: Seule une partie d’une requête ReadProcessMemory ou WriteProcessMemory a été effectuée. (0x12B)
[1130/225000.216:ERROR:process_memory_win.cc(73)] ReadMemory at 0x7ffdefffc41b of 512 bytes failed: Seule une partie d’une requête ReadProcessMemory ou WriteProcessMemory a été effectuée. (0x12B)
[1130/225000.216:ERROR:process_memory_win.cc(73)] ReadMemory at 0x7ffdf0eef368 of 512 bytes failed: Seule une partie d’une requête ReadProcessMemory ou WriteProcessMemory a été effectuée. (0x12B)
[1130/225000.216:ERROR:process_memory_win.cc(73)] ReadMemory at 0x7ffdf0eefa10 of 512 bytes failed: Seule une partie d’une requête ReadProcessMemory ou WriteProcessMemory a été effectuée. (0x12B)
[1130/225000.216:ERROR:process_memory_win.cc(73)] ReadMemory at 0x7ffdf11edce0 of 512 bytes failed: Seule une partie d’une requête ReadProcessMemory ou WriteProcessMemory a été effectuée. (0x12B)
[1130/225000.216:ERROR:process_memory_win.cc(73)] ReadMemory at 0x7ffe8d330000 of 384 bytes failed: Seule une partie d’une requête ReadProcessMemory ou WriteProcessMemory a été effectuée. (0x12B)
[1130/225000.216:ERROR:process_memory_win.cc(73)] ReadMemory at 0x7ffe8e593aa9 of 512 bytes failed: Seule une partie d’une requête ReadProcessMemory ou WriteProcessMemory a été effectuée. (0x12B)
[1130/225000.216:ERROR:process_memory_win.cc(73)] ReadMemory at 0x7ffe8fc51fd0 of 512 bytes failed: Seule une partie d’une requête ReadProcessMemory ou WriteProcessMemory a été effectuée. (0x12B)
[1130/225000.216:ERROR:process_memory_win.cc(73)] ReadMemory at 0x7ffe90afc6f4 of 672 bytes failed: Seule une partie d’une requête ReadProcessMemory ou WriteProcessMemory a été effectuée. (0x12B)
[1130/225000.216:ERROR:process_memory_win.cc(73)] ReadMemory at 0x7ffe90afccf4 of 512 bytes failed: Seule une partie d’une requête ReadProcessMemory ou WriteProcessMemory a été effectuée. (0x12B)
[1130/225000.216:ERROR:process_memory_win.cc(73)] ReadMemory at 0x7ffe90afffa4 of 608 bytes failed: Seule une partie d’une requête ReadProcessMemory ou WriteProcessMemory a été effectuée. (0x12B)
[1130/225000.216:ERROR:process_memory_win.cc(73)] ReadMemory at 0x7ffe90b8c428 of 18 bytes failed: Seule une partie d’une requête ReadProcessMemory ou WriteProcessMemory a été effectuée. (0x12B)
[1130/225000.216:ERROR:process_memory_win.cc(73)] ReadMemory at 0x7ffe90bbf4f8 of 40 bytes failed: Seule une partie d’une requête ReadProcessMemory ou WriteProcessMemory a été effectuée. (0x12B)
[1130/225000.216:ERROR:process_memory_win.cc(73)] ReadMemory at 0x7ffe90bbf978 of 48 bytes failed: Seule une partie d’une requête ReadProcessMemory ou WriteProcessMemory a été effectuée. (0x12B)
[1130/225000.216:ERROR:process_memory_win.cc(73)] ReadMemory at 0x7ffe90bc53c0 of 64 bytes failed: Seule une partie d’une requête ReadProcessMemory ou WriteProcessMemory a été effectuée. (0x12B)
[1130/225000.221:ERROR:scoped_process_suspend.cc(40)] NtResumeProcess: Tentative d’accès à un processus en cours d’arrêt. (0xc000010a)
